app/build/intermediates/manifest_merge_blame_file/release/manifest-merger-blame-release-report.txt
1<?xml version="1.0" encoding="utf-8"?>
2<manifest xmlns:android="http://schemas.android.com/apk/res/android"
3    package="org.mso.psihotest"
4    android:versionCode="3"
5    android:versionName="1.0" >
6
7    <uses-sdk
8        android:minSdkVersion="21"
8-->src\main\AndroidManifest.xml
9        android:targetSdkVersion="29" />
9-->src\main\AndroidManifest.xml
10
11    <!-- Include required permissions for Google Mobile Ads to run -->
12    <uses-permission android:name="android.permission.INTERNET" />
12-->src\main\AndroidManifest.xml:9:5-66
12-->src\main\AndroidManifest.xml:9:22-64
13    <uses-permission android:name="android.permission.ACCESS_NETWORK_STATE" />
13-->src\main\AndroidManifest.xml:10:5-78
13-->src\main\AndroidManifest.xml:10:22-76
14
15    <!-- Optional permission for Analytics to run. -->
16    <uses-permission android:name="android.permission.WAKE_LOCK" /> <!-- Required by older versions of Google Play services to create GCM registration tokens -->
16-->[com.google.android.gms:play-services-analytics:12.0.1] AndroidManifest.xml:27:5-68
16-->[com.google.android.gms:play-services-analytics:12.0.1] AndroidManifest.xml:27:22-65
17    <uses-permission android:name="com.google.android.c2dm.permission.RECEIVE" />
17-->[com.google.android.gms:play-services-gcm:12.0.1] AndroidManifest.xml:23:5-82
17-->[com.google.android.gms:play-services-gcm:12.0.1] AndroidManifest.xml:23:22-79
18
19    <uses-feature
19-->[com.google.android.gms:play-services-maps:12.0.1] AndroidManifest.xml:26:5-28:35
20        android:glEsVersion="0x00020000"
20-->[com.google.android.gms:play-services-maps:12.0.1] AndroidManifest.xml:27:9-41
21        android:required="true" />
21-->[com.google.android.gms:play-services-maps:12.0.1] AndroidManifest.xml:28:9-32
22
23    <permission
23-->[com.google.firebase:firebase-iid:12.0.1] AndroidManifest.xml:28:5-30:47
24        android:name="org.mso.psihotest.permission.C2D_MESSAGE"
24-->[com.google.firebase:firebase-iid:12.0.1] AndroidManifest.xml:29:9-63
25        android:protectionLevel="signature" />
25-->[com.google.firebase:firebase-iid:12.0.1] AndroidManifest.xml:30:9-44
26
27    <uses-permission android:name="org.mso.psihotest.permission.C2D_MESSAGE" />
27-->[com.google.firebase:firebase-iid:12.0.1] AndroidManifest.xml:32:5-79
27-->[com.google.firebase:firebase-iid:12.0.1] AndroidManifest.xml:32:22-76
28
29    <application
29-->src\main\AndroidManifest.xml:11:5-34:19
30        android:hardwareAccelerated="true"
30-->src\main\AndroidManifest.xml:15:9-44
31        android:icon="@drawable/ic_launcher"
31-->src\main\AndroidManifest.xml:13:9-45
32        android:label="@string/app_name" >
32-->src\main\AndroidManifest.xml:14:9-41
33
34        <!-- This meta-data tag is required to use Google Play Services. -->
35        <meta-data
35-->src\main\AndroidManifest.xml:17:9-18:69
36            android:name="com.google.android.gms.version"
36-->src\main\AndroidManifest.xml:17:20-65
37            android:value="@integer/google_play_services_version" />
37-->src\main\AndroidManifest.xml:18:13-66
38
39        <activity
39-->src\main\AndroidManifest.xml:19:9-29:20
40            android:name="com.paresh.webviewclientdemo.WebViewClientDemoActivity"
40-->src\main\AndroidManifest.xml:21:13-54
41            android:label="@string/app_name"
41-->src\main\AndroidManifest.xml:20:13-45
42            android:screenOrientation="portrait" >
42-->src\main\AndroidManifest.xml:22:13-49
43            <intent-filter>
43-->src\main\AndroidManifest.xml:24:13-28:29
44                <action android:name="android.intent.action.MAIN" />
44-->src\main\AndroidManifest.xml:25:17-69
44-->src\main\AndroidManifest.xml:25:25-66
45
46                <category android:name="android.intent.category.LAUNCHER" />
46-->src\main\AndroidManifest.xml:27:17-77
46-->src\main\AndroidManifest.xml:27:27-74
47            </intent-filter>
48        </activity>
49        <!-- Include the AdActivity configChanges and theme. -->
50        <activity
50-->src\main\AndroidManifest.xml:31:9-33:64
51            android:name="com.google.android.gms.ads.AdActivity"
51-->src\main\AndroidManifest.xml:31:19-71
52            android:configChanges="keyboard|keyboardHidden|orientation|screenLayout|uiMode|screenSize|smallestScreenSize"
52-->src\main\AndroidManifest.xml:32:13-122
53            android:exported="false"
53-->[com.google.android.gms:play-services-ads-lite:12.0.1] AndroidManifest.xml:32:13-37
54            android:theme="@android:style/Theme.Translucent" />
54-->src\main\AndroidManifest.xml:33:13-61
55
56        <receiver
56-->[com.google.android.gms:play-services-analytics:12.0.1] AndroidManifest.xml:30:9-34:20
57            android:name="com.google.android.gms.analytics.AnalyticsReceiver"
57-->[com.google.android.gms:play-services-analytics:12.0.1] AndroidManifest.xml:31:13-78
58            android:enabled="true"
58-->[com.google.android.gms:play-services-analytics:12.0.1] AndroidManifest.xml:32:13-35
59            android:exported="false" >
59-->[com.google.android.gms:play-services-analytics:12.0.1] AndroidManifest.xml:33:13-37
60        </receiver>
61
62        <service
62-->[com.google.android.gms:play-services-analytics:12.0.1] AndroidManifest.xml:36:9-39:40
63            android:name="com.google.android.gms.analytics.AnalyticsService"
63-->[com.google.android.gms:play-services-analytics:12.0.1] AndroidManifest.xml:37:13-77
64            android:enabled="true"
64-->[com.google.android.gms:play-services-analytics:12.0.1] AndroidManifest.xml:38:13-35
65            android:exported="false" />
65-->[com.google.android.gms:play-services-analytics:12.0.1] AndroidManifest.xml:39:13-37
66        <service
66-->[com.google.android.gms:play-services-analytics:12.0.1] AndroidManifest.xml:40:9-44:72
67            android:name="com.google.android.gms.analytics.AnalyticsJobService"
67-->[com.google.android.gms:play-services-analytics:12.0.1] AndroidManifest.xml:41:13-80
68            android:enabled="true"
68-->[com.google.android.gms:play-services-analytics:12.0.1] AndroidManifest.xml:42:13-35
69            android:exported="false"
69-->[com.google.android.gms:play-services-analytics:12.0.1] AndroidManifest.xml:43:13-37
70            android:permission="android.permission.BIND_JOB_SERVICE" />
70-->[com.google.android.gms:play-services-analytics:12.0.1] AndroidManifest.xml:44:13-69
71
72        <activity
72-->[com.google.android.gms:play-services-appinvite:12.0.1] AndroidManifest.xml:25:9-34:20
73            android:name="com.google.android.gms.appinvite.PreviewActivity"
73-->[com.google.android.gms:play-services-appinvite:12.0.1] AndroidManifest.xml:26:13-76
74            android:exported="true"
74-->[com.google.android.gms:play-services-appinvite:12.0.1] AndroidManifest.xml:27:13-36
75            android:theme="@style/Theme.AppInvite.Preview" >
75-->[com.google.android.gms:play-services-appinvite:12.0.1] AndroidManifest.xml:28:13-59
76            <intent-filter>
76-->[com.google.android.gms:play-services-appinvite:12.0.1] AndroidManifest.xml:29:13-33:29
77                <action android:name="com.google.android.gms.appinvite.ACTION_PREVIEW" />
77-->[com.google.android.gms:play-services-appinvite:12.0.1] AndroidManifest.xml:30:17-90
77-->[com.google.android.gms:play-services-appinvite:12.0.1] AndroidManifest.xml:30:25-87
78
79                <category android:name="android.intent.category.DEFAULT" />
79-->[com.google.android.gms:play-services-appinvite:12.0.1] AndroidManifest.xml:32:17-76
79-->[com.google.android.gms:play-services-appinvite:12.0.1] AndroidManifest.xml:32:27-73
80            </intent-filter>
81        </activity>
82        <activity
82-->[com.google.android.gms:play-services-auth:12.0.1] AndroidManifest.xml:23:9-27:75
83            android:name="com.google.android.gms.auth.api.signin.internal.SignInHubActivity"
83-->[com.google.android.gms:play-services-auth:12.0.1] AndroidManifest.xml:24:13-93
84            android:excludeFromRecents="true"
84-->[com.google.android.gms:play-services-auth:12.0.1] AndroidManifest.xml:25:13-46
85            android:exported="false"
85-->[com.google.android.gms:play-services-auth:12.0.1] AndroidManifest.xml:26:13-37
86            android:theme="@android:style/Theme.Translucent.NoTitleBar" />
86-->[com.google.android.gms:play-services-auth:12.0.1] AndroidManifest.xml:27:13-72
87        <!--
88            Service handling Google Sign-In user revocation. For apps that do not integrate with
89            Google Sign-In, this service will never be started.
90        -->
91        <service
91-->[com.google.android.gms:play-services-auth:12.0.1] AndroidManifest.xml:33:9-36:110
92            android:name="com.google.android.gms.auth.api.signin.RevocationBoundService"
92-->[com.google.android.gms:play-services-auth:12.0.1] AndroidManifest.xml:34:13-89
93            android:exported="true"
93-->[com.google.android.gms:play-services-auth:12.0.1] AndroidManifest.xml:35:13-36
94            android:permission="com.google.android.gms.auth.api.signin.permission.REVOCATION_NOTIFICATION" />
94-->[com.google.android.gms:play-services-auth:12.0.1] AndroidManifest.xml:36:13-107
95
96        <receiver android:name="com.google.android.gms.cast.framework.media.MediaIntentReceiver" />
96-->[com.google.android.gms:play-services-cast-framework:12.0.1] AndroidManifest.xml:8:9-100
96-->[com.google.android.gms:play-services-cast-framework:12.0.1] AndroidManifest.xml:8:19-97
97
98        <service android:name="com.google.android.gms.cast.framework.media.MediaNotificationService" />
98-->[com.google.android.gms:play-services-cast-framework:12.0.1] AndroidManifest.xml:10:9-104
98-->[com.google.android.gms:play-services-cast-framework:12.0.1] AndroidManifest.xml:10:18-101
99        <service android:name="com.google.android.gms.cast.framework.ReconnectionService" />
99-->[com.google.android.gms:play-services-cast-framework:12.0.1] AndroidManifest.xml:11:9-93
99-->[com.google.android.gms:play-services-cast-framework:12.0.1] AndroidManifest.xml:11:18-90
100
101        <activity
101-->[com.google.firebase:firebase-auth:12.0.1] AndroidManifest.xml:23:9-29:75
102            android:name="com.google.firebase.auth.internal.FederatedSignInActivity"
102-->[com.google.firebase:firebase-auth:12.0.1] AndroidManifest.xml:24:13-85
103            android:excludeFromRecents="true"
103-->[com.google.firebase:firebase-auth:12.0.1] AndroidManifest.xml:25:13-46
104            android:exported="true"
104-->[com.google.firebase:firebase-auth:12.0.1] AndroidManifest.xml:26:13-36
105            android:launchMode="singleInstance"
105-->[com.google.firebase:firebase-auth:12.0.1] AndroidManifest.xml:27:13-48
106            android:permission="com.google.firebase.auth.api.gms.permission.LAUNCH_FEDERATED_SIGN_IN"
106-->[com.google.firebase:firebase-auth:12.0.1] AndroidManifest.xml:28:13-102
107            android:theme="@android:style/Theme.Translucent.NoTitleBar" />
107-->[com.google.firebase:firebase-auth:12.0.1] AndroidManifest.xml:29:13-72
108        <activity
108-->[com.google.android.gms:play-services-base:12.0.1] AndroidManifest.xml:23:9-26:75
109            android:name="com.google.android.gms.common.api.GoogleApiActivity"
109-->[com.google.android.gms:play-services-base:12.0.1] AndroidManifest.xml:24:13-79
110            android:exported="false"
110-->[com.google.android.gms:play-services-base:12.0.1] AndroidManifest.xml:25:13-37
111            android:theme="@android:style/Theme.Translucent.NoTitleBar" />
111-->[com.google.android.gms:play-services-base:12.0.1] AndroidManifest.xml:26:13-72
112        <!--
113             FirebaseMessagingService performs security checks at runtime,
114             no need for explicit permissions despite exported="true"
115        -->
116        <service
116-->[com.google.firebase:firebase-messaging:12.0.1] AndroidManifest.xml:28:9-34:19
117            android:name="com.google.firebase.messaging.FirebaseMessagingService"
117-->[com.google.firebase:firebase-messaging:12.0.1] AndroidManifest.xml:29:13-82
118            android:exported="true" >
118-->[com.google.firebase:firebase-messaging:12.0.1] AndroidManifest.xml:30:13-36
119            <intent-filter android:priority="-500" >
119-->[com.google.firebase:firebase-messaging:12.0.1] AndroidManifest.xml:31:13-33:29
119-->[com.google.firebase:firebase-messaging:12.0.1] AndroidManifest.xml:31:28-51
120                <action android:name="com.google.firebase.MESSAGING_EVENT" />
120-->[com.google.firebase:firebase-messaging:12.0.1] AndroidManifest.xml:32:17-78
120-->[com.google.firebase:firebase-messaging:12.0.1] AndroidManifest.xml:32:25-75
121            </intent-filter>
122        </service>
123        <service
123-->[com.google.android.gms:play-services-tagmanager-api:12.0.1] AndroidManifest.xml:27:9-30:40
124            android:name="com.google.android.gms.tagmanager.TagManagerService"
124-->[com.google.android.gms:play-services-tagmanager-api:12.0.1] AndroidManifest.xml:28:13-79
125            android:enabled="true"
125-->[com.google.android.gms:play-services-tagmanager-api:12.0.1] AndroidManifest.xml:29:13-35
126            android:exported="false" />
126-->[com.google.android.gms:play-services-tagmanager-api:12.0.1] AndroidManifest.xml:30:13-37
127
128        <activity
128-->[com.google.android.gms:play-services-tagmanager-api:12.0.1] AndroidManifest.xml:32:9-44:20
129            android:name="com.google.android.gms.tagmanager.TagManagerPreviewActivity"
129-->[com.google.android.gms:play-services-tagmanager-api:12.0.1] AndroidManifest.xml:33:13-87
130            android:exported="true"
130-->[com.google.android.gms:play-services-tagmanager-api:12.0.1] AndroidManifest.xml:34:13-36
131            android:noHistory="true" > <!-- optional, removes the previewActivity from the activity stack. -->
131-->[com.google.android.gms:play-services-tagmanager-api:12.0.1] AndroidManifest.xml:35:13-37
132            <intent-filter>
132-->[com.google.android.gms:play-services-tagmanager-api:12.0.1] AndroidManifest.xml:36:13-43:29
133                <data android:scheme="tagmanager.c.org.mso.psihotest" />
133-->[com.google.android.gms:play-services-tagmanager-api:12.0.1] AndroidManifest.xml:37:17-72
133-->[com.google.android.gms:play-services-tagmanager-api:12.0.1] AndroidManifest.xml:37:23-69
134
135                <action android:name="android.intent.action.VIEW" />
135-->[com.google.android.gms:play-services-tagmanager-api:12.0.1] AndroidManifest.xml:39:17-69
135-->[com.google.android.gms:play-services-tagmanager-api:12.0.1] AndroidManifest.xml:39:25-66
136
137                <category android:name="android.intent.category.DEFAULT" />
137-->[com.google.android.gms:play-services-appinvite:12.0.1] AndroidManifest.xml:32:17-76
137-->[com.google.android.gms:play-services-appinvite:12.0.1] AndroidManifest.xml:32:27-73
138                <category android:name="android.intent.category.BROWSABLE" />
138-->[com.google.android.gms:play-services-tagmanager-api:12.0.1] AndroidManifest.xml:42:17-78
138-->[com.google.android.gms:play-services-tagmanager-api:12.0.1] AndroidManifest.xml:42:27-75
139            </intent-filter>
140        </activity>
141
142        <receiver
142-->[com.google.firebase:firebase-analytics:12.0.1] AndroidManifest.xml:28:9-32:20
143            android:name="com.google.android.gms.measurement.AppMeasurementReceiver"
143-->[com.google.firebase:firebase-analytics:12.0.1] AndroidManifest.xml:29:13-85
144            android:enabled="true"
144-->[com.google.firebase:firebase-analytics:12.0.1] AndroidManifest.xml:30:13-35
145            android:exported="false" >
145-->[com.google.firebase:firebase-analytics:12.0.1] AndroidManifest.xml:31:13-37
146        </receiver>
147        <receiver
147-->[com.google.firebase:firebase-analytics:12.0.1] AndroidManifest.xml:33:9-41:20
148            android:name="com.google.android.gms.measurement.AppMeasurementInstallReferrerReceiver"
148-->[com.google.firebase:firebase-analytics:12.0.1] AndroidManifest.xml:34:13-100
149            android:enabled="true"
149-->[com.google.firebase:firebase-analytics:12.0.1] AndroidManifest.xml:35:13-35
150            android:exported="true"
150-->[com.google.firebase:firebase-analytics:12.0.1] AndroidManifest.xml:36:13-36
151            android:permission="android.permission.INSTALL_PACKAGES" >
151-->[com.google.firebase:firebase-analytics:12.0.1] AndroidManifest.xml:37:13-69
152            <intent-filter>
152-->[com.google.firebase:firebase-analytics:12.0.1] AndroidManifest.xml:38:13-40:29
153                <action android:name="com.android.vending.INSTALL_REFERRER" />
153-->[com.google.firebase:firebase-analytics:12.0.1] AndroidManifest.xml:39:17-79
153-->[com.google.firebase:firebase-analytics:12.0.1] AndroidManifest.xml:39:25-76
154            </intent-filter>
155        </receiver>
156
157        <service
157-->[com.google.firebase:firebase-analytics:12.0.1] AndroidManifest.xml:43:9-46:40
158            android:name="com.google.android.gms.measurement.AppMeasurementService"
158-->[com.google.firebase:firebase-analytics:12.0.1] AndroidManifest.xml:44:13-84
159            android:enabled="true"
159-->[com.google.firebase:firebase-analytics:12.0.1] AndroidManifest.xml:45:13-35
160            android:exported="false" />
160-->[com.google.firebase:firebase-analytics:12.0.1] AndroidManifest.xml:46:13-37
161        <service
161-->[com.google.firebase:firebase-analytics:12.0.1] AndroidManifest.xml:47:9-51:72
162            android:name="com.google.android.gms.measurement.AppMeasurementJobService"
162-->[com.google.firebase:firebase-analytics:12.0.1] AndroidManifest.xml:48:13-87
163            android:enabled="true"
163-->[com.google.firebase:firebase-analytics:12.0.1] AndroidManifest.xml:49:13-35
164            android:exported="false"
164-->[com.google.firebase:firebase-analytics:12.0.1] AndroidManifest.xml:50:13-37
165            android:permission="android.permission.BIND_JOB_SERVICE" />
165-->[com.google.firebase:firebase-analytics:12.0.1] AndroidManifest.xml:51:13-69
166
167        <receiver
167-->[com.google.firebase:firebase-iid:12.0.1] AndroidManifest.xml:35:9-44:20
168            android:name="com.google.firebase.iid.FirebaseInstanceIdReceiver"
168-->[com.google.firebase:firebase-iid:12.0.1] AndroidManifest.xml:36:13-78
169            android:exported="true"
169-->[com.google.firebase:firebase-iid:12.0.1] AndroidManifest.xml:37:13-36
170            android:permission="com.google.android.c2dm.permission.SEND" >
170-->[com.google.firebase:firebase-iid:12.0.1] AndroidManifest.xml:38:13-73
171            <intent-filter>
171-->[com.google.firebase:firebase-iid:12.0.1] AndroidManifest.xml:39:13-43:29
172                <action android:name="com.google.android.c2dm.intent.RECEIVE" />
172-->[com.google.firebase:firebase-iid:12.0.1] AndroidManifest.xml:40:17-81
172-->[com.google.firebase:firebase-iid:12.0.1] AndroidManifest.xml:40:25-78
173
174                <category android:name="org.mso.psihotest" />
174-->[com.google.firebase:firebase-iid:12.0.1] AndroidManifest.xml:42:17-61
174-->[com.google.firebase:firebase-iid:12.0.1] AndroidManifest.xml:42:27-58
175            </intent-filter>
176        </receiver>
177        <!--
178             FirebaseInstanceIdService performs security checks at runtime,
179             no need for explicit permissions despite exported="true"
180        -->
181        <service
181-->[com.google.firebase:firebase-iid:12.0.1] AndroidManifest.xml:50:9-56:19
182            android:name="com.google.firebase.iid.FirebaseInstanceIdService"
182-->[com.google.firebase:firebase-iid:12.0.1] AndroidManifest.xml:51:13-77
183            android:exported="true" >
183-->[com.google.firebase:firebase-iid:12.0.1] AndroidManifest.xml:52:13-36
184            <intent-filter android:priority="-500" >
184-->[com.google.firebase:firebase-iid:12.0.1] AndroidManifest.xml:53:13-55:29
184-->[com.google.firebase:firebase-iid:12.0.1] AndroidManifest.xml:53:28-51
185                <action android:name="com.google.firebase.INSTANCE_ID_EVENT" />
185-->[com.google.firebase:firebase-iid:12.0.1] AndroidManifest.xml:54:17-80
185-->[com.google.firebase:firebase-iid:12.0.1] AndroidManifest.xml:54:25-77
186            </intent-filter>
187        </service>
188
189        <provider
189-->[com.google.firebase:firebase-common:12.0.1] AndroidManifest.xml:8:9-12:39
190            android:name="com.google.firebase.provider.FirebaseInitProvider"
190-->[com.google.firebase:firebase-common:12.0.1] AndroidManifest.xml:9:13-77
191            android:authorities="org.mso.psihotest.firebaseinitprovider"
191-->[com.google.firebase:firebase-common:12.0.1] AndroidManifest.xml:10:13-72
192            android:exported="false"
192-->[com.google.firebase:firebase-common:12.0.1] AndroidManifest.xml:11:13-37
193            android:initOrder="100" />
193-->[com.google.firebase:firebase-common:12.0.1] AndroidManifest.xml:12:13-36
194
195        <meta-data
195-->[com.android.support:mediarouter-v7:26.1.0] AndroidManifest.xml:23:9-25:38
196            android:name="android.support.VERSION"
196-->[com.android.support:mediarouter-v7:26.1.0] AndroidManifest.xml:24:13-51
197            android:value="26.1.0" />
197-->[com.android.support:mediarouter-v7:26.1.0] AndroidManifest.xml:25:13-35
198        <meta-data
198-->[android.arch.lifecycle:runtime:1.0.0] AndroidManifest.xml:25:9-27:47
199            android:name="android.arch.lifecycle.VERSION"
199-->[android.arch.lifecycle:runtime:1.0.0] AndroidManifest.xml:26:13-58
200            android:value="27.0.0-SNAPSHOT" />
200-->[android.arch.lifecycle:runtime:1.0.0] AndroidManifest.xml:27:13-44
201    </application>
202
203</manifest>